[    0.000000] Initializing cgroup subsys cpuset
[    0.000000] Initializing cgroup subsys cpu
[    0.000000] Initializing cgroup subsys cpuacct
[    0.000000] Linux version 4.4.0-81-generic (buildd@lgw01-02) (gcc version 5.4.0 20160609 (Ubuntu 5.4.0-6ubuntu1~16.04.4) ) #104-Ubuntu SMP Wed Jun 14 08:17:06 UTC 2017 (Ubuntu 4.4.0-81.104-generic 4.4.67)
[    0.000000] Command line: BOOT_IMAGE=/boot/vmlinuz-4.4.0-81-generic root=UUID=4d5d1894-7ea2-4612-ba0d-9cf5344f2639 ro console=tty1 console=ttyS0
[    0.000000] KERNEL supported cpus:
[    0.000000]   Intel GenuineIntel
[    0.000000]   AMD AuthenticAMD
[    0.000000]   Centaur CentaurHauls
[    0.000000] x86/fpu: xstate_offset[2]:  576, xstate_sizes[2]:  256
[    0.000000] x86/fpu: Supporting XSAVE feature 0x01: 'x87 floating point registers'
[    0.000000] x86/fpu: Supporting XSAVE feature 0x02: 'SSE registers'
[    0.000000] x86/fpu: Supporting XSAVE feature 0x04: 'AVX registers'
[    0.000000] x86/fpu: Enabled xstate features 0x7, context size is 832 bytes, using 'standard' format.
[    0.000000] x86/fpu: Using 'lazy' FPU context switches.
[    0.000000] e820: BIOS-provided physical RAM map:
[    0.000000] BIOS-e820: [mem 0x0000000000000000-0x000000000009fbff] usable
[    0.000000] BIOS-e820: [mem 0x000000000009fc00-0x000000000009ffff] reserved
[    0.000000] BIOS-e820: [mem 0x00000000000f0000-0x00000000000fffff] reserved
[    0.000000] BIOS-e820: [mem 0x0000000000100000-0x000000003ffeffff] usable
[    0.000000] BIOS-e820: [mem 0x000000003fff0000-0x000000003fffffff] ACPI data
[    0.000000] BIOS-e820: [mem 0x00000000fec00000-0x00000000fec00fff] reserved
[    0.000000] BIOS-e820: [mem 0x00000000fee00000-0x00000000fee00fff] reserved
[    0.000000] BIOS-e820: [mem 0x00000000fffc0000-0x00000000ffffffff] reserved
[    0.000000] NX (Execute Disable) protection: active
[    0.000000] SMBIOS 2.5 present.
[    0.000000] Hypervisor detected: KVM
[    0.000000] e820: last_pfn = 0x3fff0 max_arch_pfn = 0x400000000
[    0.000000] MTRR: Disabled
[    0.000000] x86/PAT: MTRRs disabled, skipping PAT initialization too.
[    0.000000] x86/PAT: Configuration [0-7]: WB  WT  UC- UC  WB  WT  UC- UC  
[    0.000000] CPU MTRRs all blank - virtualized system.
[    0.000000] found SMP MP-table at [mem 0x0009fff0-0x0009ffff] mapped at [ffff88000009fff0]
[    0.000000] Scanning 1 areas for low memory corruption
[    0.000000] RAMDISK: [mem 0x36234000-0x37111fff]
[    0.000000] ACPI: Early table checksum verification disabled
[    0.000000] ACPI: RSDP 0x00000000000E0000 000024 (v02 VBOX  )
[    0.000000] ACPI: XSDT 0x000000003FFF0030 00003C (v01 VBOX   VBOXXSDT 00000001 ASL  00000061)
[    0.000000] ACPI: FACP 0x000000003FFF00F0 0000F4 (v04 VBOX   VBOXFACP 00000001 ASL  00000061)
[    0.000000] ACPI: DSDT 0x000000003FFF0470 0021C8 (v02 VBOX   VBOXBIOS 00000002 INTL 20100528)
[    0.000000] ACPI: FACS 0x000000003FFF0200 000040
[    0.000000] ACPI: FACS 0x000000003FFF0200 000040
[    0.000000] ACPI: APIC 0x000000003FFF0240 00005C (v02 VBOX   VBOXAPIC 00000001 ASL  00000061)
[    0.000000] ACPI: SSDT 0x000000003FFF02A0 0001CC (v01 VBOX   VBOXCPUT 00000002 INTL 20100528)
[    0.000000] No NUMA configuration found
[    0.000000] Faking a node at [mem 0x0000000000000000-0x000000003ffeffff]
[    0.000000] NODE_DATA(0) allocated [mem 0x3ffeb000-0x3ffeffff]
[    0.000000] kvm-clock: Using msrs 4b564d01 and 4b564d00
[    0.000000] kvm-clock: cpu 0, msr 0:3ffe3001, primary cpu clock
[    0.000000] kvm-clock: using sched offset of 4482095879 cycles
[    0.000000] clocksource: kvm-clock: mask: 0xffffffffffffffff max_cycles: 0x1cd42e4dffb, max_idle_ns: 881590591483 ns
[    0.000000] Zone ranges:
[    0.000000]   DMA      [mem 0x0000000000001000-0x0000000000ffffff]
[    0.000000]   DMA32    [mem 0x0000000001000000-0x000000003ffeffff]
[    0.000000]   Normal   empty
[    0.000000]   Device   empty
[    0.000000] Movable zone start for each node
[    0.000000] Early memory node ranges
[    0.000000]   node   0: [mem 0x0000000000001000-0x000000000009efff]
[    0.000000]   node   0: [mem 0x0000000000100000-0x000000003ffeffff]
[    0.000000] Initmem setup node 0 [mem 0x0000000000001000-0x000000003ffeffff]
[    0.000000] ACPI: PM-Timer IO Port: 0x4008
[    0.000000] IOAPIC[0]: apic_id 2, version 32, address 0xfec00000, GSI 0-23
[    0.000000] ACPI: INT_SRC_OVR (bus 0 bus_irq 0 global_irq 2 dfl dfl)
[    0.000000] ACPI: INT_SRC_OVR (bus 0 bus_irq 9 global_irq 9 high level)
[    0.000000] Using ACPI (MADT) for SMP configuration information
[    0.000000] smpboot: Allowing 2 CPUs, 0 hotplug CPUs
[    0.000000] PM: Registered nosave memory: [mem 0x00000000-0x00000fff]
[    0.000000] PM: Registered nosave memory: [mem 0x0009f000-0x0009ffff]
[    0.000000] PM: Registered nosave memory: [mem 0x000a0000-0x000effff]
[    0.000000] PM: Registered nosave memory: [mem 0x000f0000-0x000fffff]
[    0.000000] e820: [mem 0x40000000-0xfebfffff] available for PCI devices
[    0.000000] Booting paravirtualized kernel on KVM
[    0.000000] clocksource: refined-jiffies: mask: 0xffffffff max_cycles: 0xffffffff, max_idle_ns: 7645519600211568 ns
[    0.000000] setup_percpu: NR_CPUS:512 nr_cpumask_bits:512 nr_cpu_ids:2 nr_node_ids:1
[    0.000000] PERCPU: Embedded 33 pages/cpu @ffff88003fc00000 s98264 r8192 d28712 u1048576
[    0.000000] PV qspinlock hash table entries: 256 (order: 0, 4096 bytes)
[    0.000000] Built 1 zonelists in Node order, mobility grouping on.  Total pages: 257913
[    0.000000] Policy zone: DMA32
[    0.000000] Kernel command line: BOOT_IMAGE=/boot/vmlinuz-4.4.0-81-generic root=UUID=4d5d1894-7ea2-4612-ba0d-9cf5344f2639 ro console=tty1 console=ttyS0
[    0.000000] PID hash table entries: 4096 (order: 3, 32768 bytes)
[    0.000000] Memory: 997356K/1048120K available (8469K kernel code, 1294K rwdata, 3984K rodata, 1484K init, 1316K bss, 50764K reserved, 0K cma-reserved)
[    0.000000] SLUB: HWalign=64, Order=0-3, MinObjects=0, CPUs=2, Nodes=1
[    0.000000] Hierarchical RCU implementation.
[    0.000000] 	Build-time adjustment of leaf fanout to 64.
[    0.000000] 	RCU restricting CPUs from NR_CPUS=512 to nr_cpu_ids=2.
[    0.000000] RCU: Adjusting geometry for rcu_fanout_leaf=64, nr_cpu_ids=2
[    0.000000] NR_IRQS:33024 nr_irqs:440 16
[    0.000000] Console: colour VGA+ 80x25
[    0.000000] console [tty1] enabled
[    0.000000] console [ttyS0] enabled
[    0.000000] tsc: Detected 2195.020 MHz processor
[    0.968309] Calibrating delay loop (skipped) preset value.. 4390.04 BogoMIPS (lpj=8780080)
[    0.983819] pid_max: default: 32768 minimum: 301
[    0.985151] ACPI: Core revision 20150930
[    0.987786] ACPI: 2 ACPI AML tables successfully acquired and loaded
[    1.028736] Security Framework initialized
[    1.044729] Yama: becoming mindful.
[    1.045880] AppArmor: AppArmor initialized
[    1.052301] Dentry cache hash table entries: 131072 (order: 8, 1048576 bytes)
[    1.062051] Inode-cache hash table entries: 65536 (order: 7, 524288 bytes)
[    1.092731] Mount-cache hash table entries: 2048 (order: 2, 16384 bytes)
[    1.099994] Mountpoint-cache hash table entries: 2048 (order: 2, 16384 bytes)
[    1.103489] Initializing cgroup subsys io
[    1.105587] Initializing cgroup subsys memory
[    1.107749] Initializing cgroup subsys devices
[    1.109896] Initializing cgroup subsys freezer
[    1.112074] Initializing cgroup subsys net_cls
[    1.114249] Initializing cgroup subsys perf_event
[    1.116523] Initializing cgroup subsys net_prio
[    1.118723] Initializing cgroup subsys hugetlb
[    1.120959] Initializing cgroup subsys pids
[    1.123341] CPU: Physical Processor ID: 0
[    1.125398] CPU: Processor Core ID: 0
[    1.131487] mce: CPU supports 0 MCE banks
[    1.141903] Last level iTLB entries: 4KB 512, 2MB 8, 4MB 8
[    1.167727] Last level dTLB entries: 4KB 512, 2MB 32, 4MB 32, 1GB 0
[    1.193287] Freeing SMP alternatives memory: 32K (ffffffff820b8000 - ffffffff820c0000)
[    1.220928] ftrace: allocating 32129 entries in 126 pages
[    1.317556] smpboot: APIC(0) Converting physical 0 to logical package 0
[    1.329872] smpboot: Max logical packages: 1
[    1.332368] x2apic enabled
[    1.348452] Switched APIC routing to physical x2apic.
[    1.358583] ..TIMER: vector=0x30 apic1=0 pin1=2 apic2=-1 pin2=-1
[    1.511574] smpboot: CPU0: Intel(R) Core(TM) i7-2670QM CPU @ 2.20GHz (family: 0x6, model: 0x2a, stepping: 0x7)
[    1.542988] Performance Events: unsupported p6 CPU model 42 no PMU driver, software events only.
[    1.546921] KVM setup paravirtual spinlock
[    1.550745] x86: Booting SMP configuration:
[    1.557250] .... node  #0, CPUs:      #1
[    1.569186] kvm-clock: cpu 1, msr 0:3ffe3041, secondary cpu clock
[    1.570437] mce: CPU supports 0 MCE banks
[    1.579188] x86: Booted up 1 node, 2 CPUs
[    1.597357] smpboot: Total of 2 processors activated (8780.08 BogoMIPS)
[    1.608299] devtmpfs: initialized
[    1.617925] evm: security.selinux
[    1.619143] evm: security.SMACK64
[    1.622090] evm: security.SMACK64EXEC
[    1.623783] evm: security.SMACK64TRANSMUTE
[    1.626704] evm: security.SMACK64MMAP
[    1.628444] evm: security.ima
[    1.629908] evm: security.capability
[    1.634241] clocksource: jiffies: mask: 0xffffffff max_cycles: 0xffffffff, max_idle_ns: 7645041785100000 ns
[    1.652627] futex hash table entries: 512 (order: 3, 32768 bytes)
[    1.657958] pinctrl core: initialized pinctrl subsystem
[    1.659608] RTC time: 19:48:04, date: 06/24/17
[    1.667728] NET: Registered protocol family 16
[    1.679633] cpuidle: using governor ladder
[    1.711642] cpuidle: using governor menu
[    1.722389] PCCT header not found.
[    1.730221] ACPI: bus type PCI registered
[    1.731429] acpiphp: ACPI Hot Plug PCI Controller Driver version: 0.5
[    1.733404] PCI: Using configuration type 1 for base access
[    1.760900] ACPI: Added _OSI(Module Device)
[    1.778638] ACPI: Added _OSI(Processor Device)
[    1.780608] ACPI: Added _OSI(3.0 _SCP Extensions)
[    1.782579] ACPI: Added _OSI(Processor Aggregator Device)
[    1.787421] ACPI: Executed 1 blocks of module-level executable AML code
[    1.801489] ACPI: Interpreter enabled
[    1.838782] ACPI: (supports S0 S5)
[    1.846069] ACPI: Using IOAPIC for interrupt routing
[    1.865876] PCI: Using host bridge windows from ACPI; if necessary, use "pci=nocrs" and report a bug
[    1.918414] ACPI: PCI Root Bridge [PCI0] (domain 0000 [bus 00-ff])
[    1.930570] acpi PNP0A03:00: _OSC: OS supports [ASPM ClockPM Segments MSI]
[    1.945552] acpi PNP0A03:00: _OSC failed (AE_NOT_FOUND); disabling ASPM
[    1.971305] acpi PNP0A03:00: fail to add MMCONFIG information, can't access extended PCI configuration space under this bridge.
[    1.980423] PCI host bridge to bus 0000:00
[    1.986431] pci_bus 0000:00: root bus resource [io  0x0000-0x0cf7 window]
[    1.989025] pci_bus 0000:00: root bus resource [io  0x0d00-0xffff window]
[    1.992785] pci_bus 0000:00: root bus resource [mem 0x000a0000-0x000bffff window]
[    2.002469] pci_bus 0000:00: root bus resource [mem 0x40000000-0xffdfffff window]
[    2.035835] pci_bus 0000:00: root bus resource [bus 00-ff]
[    2.074989] pci 0000:00:01.1: legacy IDE quirk: reg 0x10: [io  0x01f0-0x01f7]
[    2.095884] pci 0000:00:01.1: legacy IDE quirk: reg 0x14: [io  0x03f6]
[    2.103582] pci 0000:00:01.1: legacy IDE quirk: reg 0x18: [io  0x0170-0x0177]
[    2.124879] pci 0000:00:01.1: legacy IDE quirk: reg 0x1c: [io  0x0376]
[    2.180977] pci 0000:00:07.0: quirk: [io  0x4000-0x403f] claimed by PIIX4 ACPI
[    2.186669] pci 0000:00:07.0: quirk: [io  0x4100-0x410f] claimed by PIIX4 SMB
[    2.226991] ACPI: PCI Interrupt Link [LNKA] (IRQs 5 9 10 *11)
[    2.262445] ACPI: PCI Interrupt Link [LNKB] (IRQs 5 9 10 *11)
[    2.272535] ACPI: PCI Interrupt Link [LNKC] (IRQs 5 9 *10 11)
[    2.305004] ACPI: PCI Interrupt Link [LNKD] (IRQs 5 *9 10 11)
[    2.318964] ACPI: Enabled 2 GPEs in block 00 to 07
[    2.321590] vgaarb: setting as boot device: PCI:0000:00:02.0
[    2.336679] vgaarb: device added: PCI:0000:00:02.0,decodes=io+mem,owns=io+mem,locks=none
[    2.366958] vgaarb: loaded
[    2.368543] vgaarb: bridge control possible 0000:00:02.0
[    2.371697] SCSI subsystem initialized
[    2.373598] ACPI: bus type USB registered
[    2.375535] usbcore: registered new interface driver usbfs
[    2.377884] usbcore: registered new interface driver hub
[    2.380199] usbcore: registered new device driver usb
[    2.387018] PCI: Using ACPI for IRQ routing
[    2.389884] NetLabel: Initializing
[    2.391828] NetLabel:  domain hash size = 128
[    2.394016] NetLabel:  protocols = UNLABELED CIPSOv4
[    2.401779] NetLabel:  unlabeled traffic allowed by default
[    2.404587] amd_nb: Cannot enumerate AMD northbridges
[    2.413895] clocksource: Switched to clocksource kvm-clock
[    2.455852] AppArmor: AppArmor Filesystem Enabled
[    2.461965] pnp: PnP ACPI init
[    2.466158] pnp: PnP ACPI: found 3 devices
[    2.485424] clocksource: acpi_pm: mask: 0xffffff max_cycles: 0xffffff, max_idle_ns: 2085701024 ns
[    2.493444] NET: Registered protocol family 2
[    2.507643] TCP established hash table entries: 8192 (order: 4, 65536 bytes)
[    2.515255] TCP bind hash table entries: 8192 (order: 5, 131072 bytes)
[    2.518069] TCP: Hash tables configured (established 8192 bind 8192)
[    2.520988] UDP hash table entries: 512 (order: 2, 16384 bytes)
[    2.523650] UDP-Lite hash table entries: 512 (order: 2, 16384 bytes)
[    2.526535] NET: Registered protocol family 1
[    2.528811] pci 0000:00:00.0: Limiting direct PCI/PCI transfers
[    2.536919] pci 0000:00:01.0: Activating ISA DMA hang workarounds
[    2.551442] Unpacking initramfs...
[    2.950903] Freeing initrd memory: 15224K (ffff880036234000 - ffff880037112000)
[    2.962803] RAPL PMU detected, API unit is 2^-32 Joules, 3 fixed counters 10737418240 ms ovfl timer
[    2.968243] hw unit of domain pp0-core 2^-0 Joules
[    2.972037] hw unit of domain package 2^-0 Joules
[    2.979069] hw unit of domain pp1-gpu 2^-0 Joules
[    2.981889] platform rtc_cmos: registered platform RTC device (no PNP device found)
[    2.985047] Scanning for low memory corruption every 60 seconds
[    2.989034] audit: initializing netlink subsys (disabled)
[    2.990757] audit: type=2000 audit(1498333689.407:1): initialized
[    2.994161] Initialise system trusted keyring
[    2.999232] HugeTLB registered 2 MB page size, pre-allocated 0 pages
[    3.021196] zbud: loaded
[    3.027534] VFS: Disk quotas dquot_6.6.0
[    3.033299] VFS: Dquot-cache hash table entries: 512 (order 0, 4096 bytes)
[    3.047837] squashfs: version 4.0 (2009/01/31) Phillip Lougher
[    3.053483] fuse init (API version 7.23)
[    3.056937] Key type big_key registered
[    3.060172] Allocating IMA MOK and blacklist keyrings.
[    3.063700] Key type asymmetric registered
[    3.066768] Asymmetric key parser 'x509' registered
[    3.068576] Block layer SCSI generic (bsg) driver version 0.4 loaded (major 249)
[    3.081627] io scheduler noop registered
[    3.084068] io scheduler deadline registered (default)
[    3.087387] io scheduler cfq registered
[    3.088950] pci_hotplug: PCI Hot Plug PCI Core version: 0.5
[    3.093210] pciehp: PCI Express Hot Plug Controller Driver version: 0.4
[    3.100253] ACPI: AC Adapter [AC] (on-line)
[    3.103719] input: Power Button as /devices/LNXSYSTM:00/LNXPWRBN:00/input/input0
[    3.105861] ACPI: Power Button [PWRF]
[    3.117292] input: Sleep Button as /devices/LNXSYSTM:00/LNXSLPBN:00/input/input1
[    3.125292] ACPI: Sleep Button [SLPF]
[    3.128806] ACPI: Battery Slot [BAT0] (battery present)
[    3.131554] GHES: HEST is not enabled!
[    3.132955] Serial: 8250/16550 driver, 32 ports, IRQ sharing enabled
[    3.159811] 00:02: ttyS0 at I/O 0x3f8 (irq = 4, base_baud = 115200) is a 16550A
[    3.168962] Linux agpgart interface v0.103
[    3.174310] loop: module loaded
[    3.179366] scsi host0: ata_piix
[    3.180614] scsi host1: ata_piix
[    3.181687] ata1: PATA max UDMA/33 cmd 0x1f0 ctl 0x3f6 bmdma 0xd000 irq 14
[    3.186441] ata2: PATA max UDMA/33 cmd 0x170 ctl 0x376 bmdma 0xd008 irq 15
[    3.189024] libphy: Fixed MDIO Bus: probed
[    3.203009] tun: Universal TUN/TAP device driver, 1.6
[    3.209265] tun: (C) 1999-2004 Max Krasnyansky <maxk@qualcomm.com>
[    3.215893] PPP generic driver version 2.4.2
[    3.219178] ehci_hcd: USB 2.0 'Enhanced' Host Controller (EHCI) Driver
[    3.221634] ehci-pci: EHCI PCI platform driver
[    3.223709] ehci-platform: EHCI generic platform driver
[    3.231933] ohci_hcd: USB 1.1 'Open' Host Controller (OHCI) Driver
[    3.235522] ohci-pci: OHCI PCI platform driver
[    3.239118] ohci-platform: OHCI generic platform driver
[    3.243051] uhci_hcd: USB Universal Host Controller Interface driver
[    3.248463] i8042: PNP: PS/2 Controller [PNP0303:PS2K,PNP0f03:PS2M] at 0x60,0x64 irq 1,12
[    3.251988] serio: i8042 KBD port at 0x60,0x64 irq 1
[    3.256998] serio: i8042 AUX port at 0x60,0x64 irq 12
[    3.259246] mousedev: PS/2 mouse device common for all mice
[    3.270512] input: AT Translated Set 2 keyboard as /devices/platform/i8042/serio0/input/input2
[    3.277143] rtc_cmos rtc_cmos: rtc core: registered rtc_cmos as rtc0
[    3.279729] rtc_cmos rtc_cmos: alarms up to one day, 114 bytes nvram
[    3.282108] i2c /dev entries driver
[    3.284140] device-mapper: uevent: version 1.0.3
[    3.293515] device-mapper: ioctl: 4.34.0-ioctl (2015-10-28) initialised: dm-devel@redhat.com
[    3.325352] ledtrig-cpu: registered to indicate activity on CPUs
[    3.328822] NET: Registered protocol family 10
[    3.363975] NET: Registered protocol family 17
[    3.370358] Key type dns_resolver registered
[    3.389271] microcode: CPU0 sig=0x206a7, pf=0x10, revision=0x0
[    3.415326] microcode: CPU1 sig=0x206a7, pf=0x10, revision=0x0
[    3.425978] microcode: Microcode Update Driver: v2.01 <tigran@aivazian.fsnet.co.uk>, Peter Oruba
[    3.428809] registered taskstats version 1
[    3.430009] Loading compiled-in X.509 certificates
[    3.443124] Loaded X.509 cert 'Build time autogenerated kernel key: 4e3fcaabc4148de0b198d1fb3d36a6c6d4cf062b'
[    3.463606] zswap: loaded using pool lzo/zbud
[    3.467554] Key type trusted registered
[    3.515597] Key type encrypted registered
[    3.524356] AppArmor: AppArmor sha1 policy hashing enabled
[    3.534644] ima: No TPM chip found, activating TPM-bypass!
[    3.536280] evm: HMAC attrs: 0x1
[    3.543435]   Magic number: 5:607:850
[    3.547115]  index2: hash matches
[    3.548207]  index2: hash matches
[    3.553122] rtc_cmos rtc_cmos: setting system clock to 2017-06-24 19:48:06 UTC (1498333686)
[    3.560938] BIOS EDD facility v0.16 2004-Jun-25, 0 devices found
[    3.579746] EDD information not available.
[    3.583626] Freeing unused kernel memory: 1484K (ffffffff81f45000 - ffffffff820b8000)
[    3.590636] Write protecting the kernel read-only data: 14336k
[    3.596729] Freeing unused kernel memory: 1760K (ffff880001848000 - ffff880001a00000)
[    3.603745] Freeing unused kernel memory: 112K (ffff880001de4000 - ffff880001e00000)
Loading, please wait...
starting version[    3.627111] random: systemd-udevd: uninitialized urandom read (16 bytes read, 3 bits of entropy available)
 229
[    3.627813] random: udevadm: uninitialized urandom read (16 bytes read, 3 bits of entropy available)
[    3.627868] random: udevadm: uninitialized urandom read (16 bytes read, 3 bits of entropy available)
[    3.628103] random: udevadm: uninitialized urandom read (16 bytes read, 3 bits of entropy available)
[    3.628179] random: udevadm: uninitialized urandom read (16 bytes read, 3 bits of entropy available)
[    3.628248] random: udevadm: uninitialized urandom read (16 bytes read, 3 bits of entropy available)
[    3.628316] random: udevadm: uninitialized urandom read (16 bytes read, 3 bits of entropy available)
[    3.628412] random: udevadm: uninitialized urandom read (16 bytes read, 3 bits of entropy available)
[    3.628502] random: udevadm: uninitialized urandom read (16 bytes read, 3 bits of entropy available)
[    3.628566] random: udevadm: uninitialized urandom read (16 bytes read, 3 bits of entropy available)
[    3.853794] Fusion MPT base driver 3.04.20
[    3.862325] Copyright (c) 1999-2008 LSI Corporation
[    3.866866] e1000: Intel(R) PRO/1000 Network Driver - version 7.3.21-k8-NAPI
[    3.869938] e1000: Copyright (c) 1999-2006 Intel Corporation.
[    3.919300] AVX version of gcm_enc/dec engaged.
[    3.923459] AES CTR mode by8 optimization enabled
[    3.938872] Fusion MPT SPI Host driver 3.04.20
[    3.978200] tsc: Refined TSC clocksource calibration: 2195.723 MHz
[    3.983605] clocksource: tsc: mask: 0xffffffffffffffff max_cycles: 0x1fa66a8fd1f, max_idle_ns: 440795297895 ns
[    4.092488] input: ImExPS/2 Generic Explorer Mouse as /devices/platform/i8042/serio1/input/input4
[    4.345609] e1000 0000:00:03.0 eth0: (PCI:33MHz:32-bit) 02:fb:34:e1:96:ef
[    4.353908] e1000 0000:00:03.0 eth0: Intel(R) PRO/1000 Network Connection
[    4.404809] e1000 0000:00:03.0 enp0s3: renamed from eth0
[    4.406098] mptbase: ioc0: Initiating bringup
[    4.474404] ioc0: LSI53C1030 A0: Capabilities={Initiator}
[    4.648457] scsi host2: ioc0: LSI53C1030 A0, FwRev=00000000h, Ports=1, MaxQ=256, IRQ=20
[    4.766889] scsi 2:0:0:0: Direct-Access     VBOX     HARDDISK         1.0  PQ: 0 ANSI: 5
[    4.796381] scsi target2:0:0: Beginning Domain Validation
[    4.802272] scsi target2:0:0: Domain Validation skipping write tests
[    4.807030] scsi target2:0:0: Ending Domain Validation
[    4.809880] scsi target2:0:0: asynchronous
[    4.811978] scsi 2:0:1:0: Direct-Access     VBOX     HARDDISK         1.0  PQ: 0 ANSI: 5
[    4.818422] scsi target2:0:1: Beginning Domain Validation
[    4.823683] scsi target2:0:1: Domain Validation skipping write tests
[    4.826502] scsi target2:0:1: Ending Domain Validation
[    4.828384] scsi target2:0:1: asynchronous
[    4.838180] sd 2:0:0:0: [sda] 20971520 512-byte logical blocks: (10.7 GB/10.0 GiB)
[    4.838469] sd 2:0:0:0: Attached scsi generic sg0 type 0
[    4.839417] sd 2:0:1:0: Attached scsi generic sg1 type 0
[    4.873377] sd 2:0:1:0: [sdb] 20480 512-byte logical blocks: (10.5 MB/10.0 MiB)
[    4.873535] sd 2:0:0:0: [sda] Write Protect is off
[    4.873672] sd 2:0:0:0: [sda] Incomplete mode parameter data
[    4.873673] sd 2:0:0:0: [sda] Assuming drive cache: write through
[    4.891562] sd 2:0:1:0: [sdb] Write Protect is off
[    4.900013] sd 2:0:1:0: [sdb] Incomplete mode parameter data
[    4.903420] sd 2:0:1:0: [sdb] Assuming drive cache: write through
[    4.903486]  sda: sda1
[    4.906690] sd 2:0:0:0: [sda] Attached SCSI disk
[    4.908771] sd 2:0:1:0: [sdb] Attached SCSI disk
[    6.874508] floppy0: no floppy controllers found
Begin: Loading essential drivers[    8.452133] md: linear personality registered for level -1
 ... [    8.468266] md: multipath personality registered for level -4
[    8.491093] md: raid0 personality registered for level 0
[    8.503743] md: raid1 personality registered for level 1
[    8.582025] raid6: sse2x1   gen()  5083 MB/s
[    8.666107] raid6: sse2x1   xor()  4254 MB/s
[    8.806213] raid6: sse2x2   gen()  7019 MB/s
[    8.878245] raid6: sse2x2   xor()  4916 MB/s
[    9.038375] raid6: sse2x4   gen()  7808 MB/s
[    9.122388] raid6: sse2x4   xor()  5937 MB/s
[    9.196512] raid6: using algorithm sse2x4 gen() 7808 MB/s
[    9.213262] raid6: .... xor() 5937 MB/s, rmw enabled
[    9.228481] raid6: using ssse3x2 recovery algorithm
[    9.241869] xor: automatically using best checksumming function:
[    9.310045]    avx       : 11558.000 MB/sec
[    9.317375] async_tx: api initialized (async)
[    9.351205] md: raid6 personality registered for level 6
[    9.353966] md: raid5 personality registered for level 5
[    9.396428] md: raid4 personality registered for level 4
[    9.468557] md: raid10 personality registered for level 10
done.
Begin: Running /scripts/init-premount ... done.
Begin: Mounting root file syste[    9.600597] Btrfs loaded
m ... Begin: Running /scripts/local-top ... done.
Begin: Running /scripts/local-premount ... Scanning for Btrfs filesystems
done.
Warning: fsck no[    9.680766] EXT4-fs (sda1): INFO: recovery required on readonly filesystem
t present, so sk[    9.755558] EXT4-fs (sda1): write access will be enabled during recovery
ipping root file system
[    9.938809] EXT4-fs (sda1): recovery complete
[    9.941256] EXT4-fs (sda1): mounted filesystem with ordered data mode. Opts: (null)
done.
Begin: Running /scripts/local-bottom ... done.
Begin: Running /scripts/init-bottom ... done.
[   10.126847] systemd[1]: systemd 229 running in system mode. (+PAM +AUDIT +SELINUX +IMA +APPARMOR +SMACK +SYSVINIT +UTMP +LIBCRYPTSETUP +GCRYPT +GNUTLS +ACL +XZ -LZ4 +SECCOMP +BLKID +ELFUTILS +KMOD -IDN)
[   10.250633] systemd[1]: Detected virtualization oracle.
[   10.262090] systemd[1]: Detected architecture x86-64.

Welcome to [1mUbuntu 16.04.2 LTS[0m!

[   10.354622] systemd[1]: Set hostname to <ubuntu-xenial>.
[   10.600717] systemd[1]: Listening on Journal Socket (/dev/log).
[[0;32m  OK  [0m] Listening on Journal Socket (/dev/log).
[   10.657659] systemd[1]: Reached target Swap.
[[0;32m  OK  [0m] Reached target Swap.
[   10.660903] systemd[1]: Listening on Device-mapper event daemon FIFOs.
[[0;32m  OK  [0m] Listening on Device-mapper event daemon FIFOs.
[   10.827660] systemd[1]: Listening on udev Control Socket.
[[0;32m  OK  [0m] Listening on udev Control Socket.
[   10.866614] systemd[1]: Listening on Syslog Socket.
[[0;32m  OK  [0m] Listening on Syslog Socket.
[   10.904236] systemd[1]: Reached target Encrypted Volumes.
[[0;32m  OK  [0m] Reached target Encrypted Volumes.
[   10.961341] systemd[1]: Listening on udev Kernel Socket.
[[0;32m  OK  [0m] Listening on udev Kernel Socket.
[   11.002792] systemd[1]: Set up automount Arbitrary Executable File Formats File System Automount Point.
[[0;32m  OK  [0m] Set up automount Arbitrary Executab...ats File System Automount Point.
[   11.013809] systemd[1]: Started Trigger resolvconf update for networkd DNS.
[[0;32m  OK  [0m] Started Trigger resolvconf update for networkd DNS.
[   11.042855] systemd[1]: Listening on Journal Audit Socket.
[[0;32m  OK  [0m] Listening on Journal Audit Socket.
[   11.070825] systemd[1]: Started Forward Password Requests to Wall Directory Watch.
[[0;32m  OK  [0m] Started Forward Password Requests to Wall Directory Watch.
[   11.091910] systemd[1]: Listening on LVM2 poll daemon socket.
[[0;32m  OK  [0m] Listening on LVM2 poll daemon socket.
[   11.154616] systemd[1]: Reached target User and Group Name Lookups.
[[0;32m  OK  [0m] Reached target User and Group Name Lookups.
[   11.350379] systemd[1]: Listening on LVM2 metadata daemon socket.
[[0;32m  OK  [0m] Listening on LVM2 metadata daemon socket.
[   11.487287] systemd[1]: Created slice System Slice.
[[0;32m  OK  [0m] Created slice System Slice.
[   11.536303] systemd[1]: Created slice system-serial\x2dgetty.slice.
[[0;32m  OK  [0m] Created slice system-serial\x2dgetty.slice.
[   11.544659] systemd[1]: Listening on Journal Socket.
[[0;32m  OK  [0m] Listening on Journal Socket.
[   11.578420] systemd[1]: Starting Load Kernel Modules...
         Starting Load Ke[   11.657908] Loading iSCSI transport class v2.0-870.
rnel Modules...
[   11.720449] systemd[1]: Starting Journal Service...
         Starting Journal Service...
[   11.749292] systemd[1]: Starting Set console keymap...
[   11.756097] iscsi: registered transport (tcp)
         Starting Set console keymap...
[   11.779347] systemd[1]: Starting Uncomplicated firewall...
         Starting Uncomplicated firewall...
[   11.810509] systemd[1]: Starting Nameserver information manager...
         Starting Nameser[   11.870131] iscsi: registered transport (iser)
ver information manager...
[   11.873134] systemd[1]: Mounting Debug File System...
         Mounting Debug File System...
[   11.902129] systemd[1]: Mounting Huge Pages File System...
         Mounting Huge Pages File System...
[   11.919299] systemd[1]: Starting Create list of required static device nodes for the current kernel...
[   11.920459] random: nonblocking pool is initialized
         Starting Create list of required st... nodes for the current kernel...
[   11.946470] systemd[1]: Starting Remount Root and Kernel File Systems...
         Startin[   11.952612] EXT4-fs (sda1): re-mounted. Opts: (null)
g Remount Root and Kernel File Systems...
[   11.990021] systemd[1]: Starting Monitoring of LVM2 mirrors, snapshots etc. using dmeventd or progress polling...
         Starting Monitoring of LVM2 mirrors... dmeventd or progress polling...
[   12.021119] systemd[1]: Created slice User and Session Slice.
[[0;32m  OK  [0m] Created slice User and Session Slice.
[   12.048798] systemd[1]: Reached target Slices.
[[0;32m  OK  [0m] Reached target Slices.
[   12.057642] systemd[1]: Listening on /dev/initctl Compatibility Named Pipe.
[[0;32m  OK  [0m] Listening on /dev/initctl Compatibility Named Pipe.
[   12.094188] systemd[1]: Mounting POSIX Message Queue File System...
         Mounting POSIX Message Queue File System...
[   12.118267] systemd[1]: Mounted POSIX Message Queue File System.
[[0;32m  OK  [0m] Mounted POSIX Message Queue File System.
[   12.127756] systemd[1]: Mounted Debug File System.
[[0;32m  OK  [0m] Mounted Debug File System.
[   12.142061] systemd[1]: Mounted Huge Pages File System.
[[0;32m  OK  [0m] Mounted Huge Pages File System.
[   12.158535] systemd[1]: Started Journal Service.
[[0;32m  OK  [0m] Started Journal Service.
[[0;32m  OK  [0m] Started Load Kernel Modules.
[[0;32m  OK  [0m] Started Set console keymap.
[[0;32m  OK  [0m] Started Uncomplicated firewall.
[[0;32m  OK  [0m] Started Create list of required sta...ce nodes for the current kernel.
[[0;32m  OK  [0m] Started Remount Root and Kernel File Systems.
[[0;32m  OK  [0m] Started Nameserver information manager.
[[0;32m  OK  [0m] Started LVM2 metadata daemon.
         Starting Load/Save Random Seed...
         Starting udev Coldplug all Devices...
         Starting Initial cloud-init job (pre-networking)...
         Starting Create Static Device Nodes in /dev...
         Starting Apply Kernel Variables...
         Mounting FUSE Control File System...
         Starting Flush Journal to Persistent Storage...
[[0;32m  OK  [0m] Mounted FUSE Control File System.
[[0;32m  OK  [0m] Started Load/Save Random Seed.
[[0;32m  OK  [0m] Started Create Static Device Nodes in /dev.
[[0;32m  OK  [0m] Started Apply Kernel Variables.
[[0;32m  OK  [0m] Started udev Coldplug all Devices.
[[0;32m  OK  [0m] Started Flush Journal to Persistent Storage.
         Starting udev Kernel Device Manager...
[[0;32m  OK  [0m] Started Monitoring of LVM2 mirrors,...ng dmeventd or progress polling.
[[0;32m  OK  [0m] Started udev Kernel Device Manager.
[[0;32m  OK  [0m] Reached target Local File Systems (Pre).
[[0;32m  OK  [0m] Reached target Local File Systems.
         Starting LSB: AppArmor initialization...
         Starting Tell Plymouth To Write Out Runtime Data...
         Starting Set console font and keymap...
         Starting Create Volatile Files and Directories...
[[0;32m  OK  [0m] Started Dispatch Password Requests to Console Directory Watch.
[[0;32m  OK  [0m] Started Tell Plymouth To Write Out Runtime Data.
[[0;32m  OK  [0m] Started Create Volatile Files and Directories.
[[0;32m  OK  [0m] Reached target System Time Synchronized.
         Starting Update UTMP about System Boot/Shutdown...
[[0;32m  OK  [0m] Started LSB: AppArmor initialization.
[[0;32m  OK  [0m] Started Update UTMP about System Boot/Shutdown.
[[0;32m  OK  [0m] Found device /dev/ttyS0.
[[0;32m  OK  [0m] Listening on Load/Save RF Kill Switch Status /dev/rfkill Watch.
[[0;32m  OK  [0m] Started Set console font and keymap.
[[0;32m  OK  [0m] Created slice system-getty.slice.
[   12.243234] cloud-init[454]: Cloud-init v. 0.7.9 running 'init-local' at Sat, 24 Jun 2017 19:48:16 +0000. Up 11.87 seconds.
[[0;32m  OK  [0m] Started Initial cloud-init job (pre-networking).
[[0;32m  OK  [0m] Reached target Network (Pre).
         Starting Raise network interfaces...
[[0;32m  OK  [0m] Started ifup for enp0s3.
[[0;32m  OK  [0m] Started Raise network interfaces.
         Starting Initial cloud-init job (metadata service crawler)...
[[0;32m  OK  [0m] Reached target Network.
[   15.179218] cloud-init[953]: Cloud-init v. 0.7.9 running 'init' at Sat, 24 Jun 2017 19:48:19 +0000. Up 14.86 seconds.
[   15.209774] cloud-init[953]: ci-info: +++++++++++++++++++++++++++++++++++++Net device info++++++++++++++++++++++++++++++++++++++
[   15.233107] cloud-init[953]: ci-info: +--------+------+----------------------------+---------------+-------+-------------------+
[   15.247724] cloud-init[953]: ci-info: | Device |  Up  |          Address           |      Mask     | Scope |     Hw-Address    |
[   15.272530] [cloud-init[0;32m  OK  [0m[953]: ] ci-info: +--------+------+----------------------------+---------------+-------+-------------------+Started Initial cloud-init job (metadata service crawler).

[   15.272949] cloud-init[953]: ci-info: | enp0s3 | True |         10.0.2.15          | 255.255.255.0 |   .   | 02:fb:34:e1:96:ef |
[   15.317717] [[0;32m  OK  [0m] Reached target Network is Online.
cloud-init[953]: ci-info: | enp0s3 | True | fe80::fb:34ff:fee1:96ef/64 |       .       |  link | 02:fb:34:e1:96:ef |
[   15.480492]          Starting iSCSI initiator daemon (iscsid)...
[[0;32m  OK  [0m] Reached target Cloud-config availability.
[[0;32m  OK  [0m] Reached target System Initialization.
cloud-init[953]: ci-info: |   lo   | True |         127.0.0.1          |   255.0.0.0   |   .   |         .         |
[   15.540530]          cloud-initStarting LXD - unix socket.[953]: 
ci-info: |   lo   | True |          ::1/128           |       .       |  host |         .         |
[[0;32m  OK  [0m] Started Daily Cleanup of Temporary Directories.
[[0;32m  OK  [0m] Listening on UUID daemon activation socket.
[   15.700633] cloud-init[953]: ci-info: +--------+------+----------------------------+---------------+-------+-------------------+
[   15.760644]          cloud-initStarting Socket activation for snappy daemon.[953]: 
ci-info: +++++++++++++++++++++++++++Route IPv4 info++++++++++++++++++++++++++++
[   15.900801] [cloud-init[0;32m  OK  [0m[953]: ] ci-info: +-------+-------------+----------+---------------+-----------+-------+Started ACPI Events Check.

[   16.064744] [cloud-init[0;32m  OK  [0m[953]: ] ci-info: | Route | Destination | Gateway  |    Genmask    | Interface | Flags |Reached target Paths.

[   16.153095] [[0;32m  OK  [0m] Started Timer to automatically refresh installed snaps.
[[0;32m  OK  [0m] Listening on D-Bus System Message Bus Socket.
[[0;32m  OK  [0m] Listening on ACPID Listen Socket.
cloud-init[953]: ci-info: +-------+-------------+----------+---------------+-----------+-------+
[   16.408525] [cloud-init[0;32m  OK  [0m[953]: ] ci-info: |   0   |   0.0.0.0   | 10.0.2.2 |    0.0.0.0    |   enp0s3  |   UG  |Started Daily apt activities.

[   16.452160] [[0;32m  OK  [0m] Reached target Timers.
cloud-init[953]: ci-info: |   1   |   10.0.2.0  | 0.0.0.0  | 255.255.255.0 |   enp0s3  |   U   |
[   16.483230] [[0;32m  OK  [0m] Listening on LXD - unix socket.
[[0;32m  OK  [0m] Listening on Socket activation for snappy daemon.
[[0;32m  OK  [0m] Started iSCSI initiator daemon (iscsid).
cloud-init[953]: ci-info: +-------+-------------+----------+---------------+-----------+-------+
         Starting Login to default iSCSI targets...
[[0;32m  OK  [0m] Reached target Sockets.
[[0;32m  OK  [0m] Reached target Basic System.
         Starting System Logging Service...
         Starting /etc/rc.local Compatibility...
[[0;32m  OK  [0m] Started Deferred execution scheduler.
[[0;32m  OK  [0m] Started Snappy daemon.
         Starting Auto import assertions from block devices...
[[0;32m  OK  [0m] Started ACPI event daemon.
[[0;32m  OK  [0m] Started Regular background program processing daemon.
         Starting LSB: MD monitoring daemon...
[[0;32m  OK  [0m] Started Unattended Upgrades Shutdown.
[[0;32m  OK  [0m] Started FUSE filesystem for LXC.
         Starting Accounts Service...
         Starting A high performance web server and a reverse proxy server...
         Starting Login Service...
         Starting LSB: Record successful boot for GRUB...
[[0;32m  OK  [0m] Started D-Bus System Message Bus.
         Starting Apply the settings specified in cloud-config...
         Starting OpenBSD Secure Shell server...
         Starting LXD - container startup/shutdown...
[[0;32m  OK  [0m] Started System Logging Service.
[[0;32m  OK  [0m] Started /etc/rc.local Compatibility.
[[0;32m  OK  [0m] Started Auto import assertions from block devices.
[[0;1;31mFAILED[0m] Failed to start A high performance ...rver and a reverse proxy server.
See 'systemctl status nginx.service' for details.
[[0;32m  OK  [0m] Started OpenBSD Secure Shell server.
[[0;32m  OK  [0m] Started Login to default iSCSI targets.
[[0;32m  OK  [0m] Started LSB: MD monitoring daemon.
[[0;32m  OK  [0m] Started LXD - container startup/shutdown.
[[0;32m  OK  [0m] Started LSB: Record successful boot for GRUB.
[[0;32m  OK  [0m] Started Login Service.
         Starting Authenticate and Authorize Users to Run Privileged Tasks...
[[0;32m  OK  [0m] Reached target Remote File Systems (Pre).
[[0;32m  OK  [0m] Reached target Remote File Systems.
         Starting LSB: Set the CPU Frequency Scaling governor to "ondemand"...
         Starting LSB: VirtualBox Linux Additions...
         Starting LSB: automatic crash report generation...
         Starting LSB: daemon to balance interrupts for SMP systems...
         Starting Permit User Sessions...
[[0;32m  OK  [0m] Started Permit User Sessions.
[[0;32m  OK  [0m] Started Authenticate and Authorize Users to Run Privileged Tasks.
[[0;32m  OK  [0m] Started Accounts Service.
[[0;32m  OK  [0m] Started LSB: Set the CPU Frequency Scaling governor to "ondemand".
         Starting Terminate Plymouth Boot Screen...
         Starting Hold until boot process finishes up...
[[0;32m  OK  [0m] Started LSB: automatic crash report generation.
[[0;32m  OK  [0m] Started LSB: daemon to balance interrupts for SMP systems.
[[0;32m  OK  [0m] Started Terminate Plymouth Boot Screen.
[[0;32m  OK  [0m] Started Hold until boot process finishes up.
[[0;32m  OK  [0m] Started LSB: VirtualBox Linux Additions.
[[0;32m  OK  [0m] Started Getty on tty1.
         Starting Set console scheme...
[[0;32m  OK  [0m] Started Serial Getty on ttyS0.
[[0;32m  OK  [0m] Reached target Login Prompts.
[[0;32m  OK  [0m] Reached target Multi-User System.
[[0;32m  OK  [0m] Reached target Graphical Interface.
         Starting Update UTMP about System Runlevel Changes...
[[0;32m  OK  [0m] Started Set console scheme.
[[0;32m  OK  [0m] Started Update UTMP about System Runlevel Changes.
[   17.694609] cloud-init[1066]: Cloud-init v. 0.7.9 running 'modules:config' at Sat, 24 Jun 2017 19:48:22 +0000. Up 17.55 seconds.
[[0;32m  OK  [0m] Started Apply the settings specified in cloud-config.
         Starting Execute cloud user/final scripts...
[   18.317673] cloud-init[1192]: Cloud-init v. 0.7.9 running 'modules:final' at Sat, 24 Jun 2017 19:48:22 +0000. Up 18.17 seconds.
[   18.410685] [cloud-init[0;32m  OK  [0m[1192]: ] Cloud-init v. 0.7.9 finished at Sat, 24 Jun 2017 19:48:23 +0000. Datasource DataSourceNoCloud [seed=/dev/sdb][dsmode=net].  Up 18.30 secondsStarted Execute cloud user/final scripts.

[[0;32m  OK  [0m] Reached target Cloud-init target.

Ubuntu 16.04.2 LTS ubuntu-xenial ttyS0

ubuntu-xenial login: 